"outlet-tempreture-w-turb-rfile"
"Iteration" "outlet-tempreture-w-turb"
("Iteration" "outlet-tempreture-w-turb")
1 372.3057
2 372.3383
3 372.3488
4 372.3615
5 372.3654
6 372.3653
7 372.3626
8 372.3547
9 372.3374
10 372.3016
11 372.2349
12 372.1158
13 371.9173
14 371.6075
15 371.154
16 370.5273
17 369.7052
18 368.6762
19 367.4281
20 365.9533
21 364.2384
22 362.2686
23 360.0301
24 357.509
25 354.7117
26 351.6726
27 348.4427
28 345.0998
29 341.713
30 338.3347
31 335.0103
32 331.7814
33 328.6861
34 325.7573
35 323.0252
36 320.521
37 318.2592
38 316.2345
39 314.4291
40 312.8257
41 311.4241
42 310.2101
43 309.1711
44 308.2861
45 307.5378
46 306.9074
47 306.374
48 305.9258
49 305.5467
50 305.2282
51 304.9629
52 304.7452
53 304.5724
54 304.4412
55 304.3468
56 304.2816
57 304.2401
58 304.2164
59 304.2038
60 304.1988
61 304.1995
62 304.2067
63 304.2201
64 304.2382
65 304.2634
66 304.2935
67 304.3273
68 304.3634
69 304.3987
70 304.4265
71 304.4414
72 304.4412
73 304.4327
74 304.4191
75 304.4037
76 304.3896
77 304.3797
78 304.3756
79 304.3777
80 304.3846
81 304.3944
82 304.4056
83 304.4161
84 304.4253
85 304.4319
86 304.4428
87 304.4565
88 304.4679
89 304.4742
90 304.4732
91 304.4696
92 304.4618
93 304.4505
94 304.4395
95 304.4273
96 304.4164
97 304.4095
98 304.4058
99 304.4041
100 304.4013
101 304.3996
102 304.3976
103 304.3995
104 304.4056
105 304.4095
106 304.4115
107 304.412
108 304.4097
109 304.4122
110 304.4194
111 304.4313
112 304.4441
113 304.4572
114 304.4691
115 304.4814
116 304.4937
117 304.5058
118 304.5174
119 304.5278
120 304.5367
121 304.5448
122 304.554
123 304.5633
124 304.5734
125 304.5846
126 304.5959
127 304.6074
128 304.6176
129 304.6264
130 304.6333
131 304.6379
132 304.6409
133 304.6426
134 304.6434
135 304.6427
136 304.6419
137 304.6411
138 304.6412
139 304.642
140 304.6441
141 304.6468
142 304.65
143 304.6537
144 304.6572
145 304.6607
146 304.6635
147 304.6661
148 304.6685
149 304.6712
150 304.674
151 304.6778
152 304.6825
153 304.6878
154 304.6937
155 304.6997
156 304.706
157 304.7119
158 304.7171
159 304.7222
160 304.7267
161 304.7303
162 304.7329
163 304.735
164 304.7368
165 304.7382
166 304.7389
167 304.7397
168 304.7397
169 304.7397
170 304.7397
171 304.7394
172 304.7391
173 304.7388
174 304.7389
175 304.739
176 304.74
177 304.7408
178 304.7422
179 304.7437
180 304.7449
181 304.7459
182 304.7464
183 304.7461
184 304.7454
185 304.7445
186 304.7437
187 304.7428
188 304.742
189 304.7412
190 304.7407
191 304.7401
192 304.7396
193 304.7392
194 304.739
195 304.7389
196 304.7387
197 304.7387
198 304.7386
199 304.7386
200 304.7386
201 304.7386
202 304.7386
203 304.7385
204 304.7385
205 304.7385
206 304.7384
207 304.7384
208 304.7383
209 304.7383
210 304.7382
211 304.7381
212 304.7381
213 304.738
214 304.738
215 304.738
216 304.7379
217 304.7379
218 304.7379
219 304.7378
220 304.7378
221 304.7378
222 304.7378
223 304.7377
224 304.7377
225 304.7377
226 304.7377
227 304.7377
228 304.7377
229 304.7377
230 304.7377
231 304.7377
232 304.7377
233 304.7377
234 304.7378
235 304.7378
236 304.7378
237 304.7378
238 304.7378
239 304.7378
240 304.7377
241 304.7377
242 304.7377
243 304.7377
244 304.7377
245 304.7377
246 304.7377
247 304.7377
248 304.7377
249 304.7377
250 304.7377
251 304.7377
252 304.7377
253 304.7377
254 304.7377
255 304.7377
256 304.7376
257 304.7376
258 304.7376
259 304.7376
260 304.7376
261 304.7376
262 304.7376
263 304.7376
264 304.7376
265 304.7376
266 304.7376
267 304.7376
268 304.7376
269 304.7376
270 304.7376
271 304.7376
272 304.7376
273 304.7376
274 304.7376
275 304.7376
276 304.7376
277 304.7377
278 304.7377
279 304.7377
280 304.7377
281 304.7377
282 304.7377
283 304.7377
284 304.7377
285 304.7377
286 304.7377
287 304.7377
288 304.7377
289 304.7377
290 304.7377
291 304.7377
292 304.7377
293 304.7377
294 304.7377
295 304.7377
296 304.7377
297 304.7377
298 304.7377
299 304.7377
300 304.7377
301 304.7377
302 304.7377
303 304.7377
304 304.7377
305 304.7377
306 304.7377
307 304.7377
308 304.7377
309 304.7377
310 304.7377
311 304.7377
312 304.7377
313 304.7377
314 304.7377
315 304.7377
316 304.7377
317 304.7377
318 304.7377
319 304.7377
320 304.7377
321 304.7377
322 304.7377
323 304.7377
324 304.7377
325 304.7377
326 304.7377
327 304.7377
328 304.7377
329 304.7377
330 304.7377
331 304.7377
332 304.7377
333 304.7377
334 304.7377
335 304.7377
336 304.7377
337 304.7377
338 304.7377
339 304.7377
340 304.7377
341 304.7377
342 304.7377
343 304.7377
344 304.7377
345 304.7377
346 304.7377
347 304.7377
348 304.7377
349 304.7377
350 304.7377
351 304.7377
352 304.7377
353 304.7377
354 304.7377
355 304.7377
356 304.7377
357 304.7377
358 304.7377
359 304.7377
360 304.7377
361 304.7377
362 304.7377
363 304.7377
364 304.7377
365 304.7377
366 304.7377
367 304.7377
368 304.7377
369 304.7377
370 304.7377
371 304.7377
372 304.7377
373 304.7377
374 304.7377
375 304.7377
376 304.7377
377 304.7377
378 304.7377
379 304.7377
380 304.7377
381 304.7377
382 304.7377
383 304.7377
384 304.7377
385 304.7377
386 304.7377
387 304.7377
388 304.7377
389 304.7377
390 304.7377
391 304.7377
392 304.7378
393 304.7378
394 304.7378
395 304.7378
396 304.7378
397 304.7378
398 304.7378
399 304.7378
400 304.7378
401 304.7378
402 304.7378
403 304.7378
404 304.7378
405 304.7378
406 304.7378
407 304.7378
408 304.7378
409 304.7378
410 304.7378
411 304.7378
412 304.7378
413 304.7378
414 304.7378
415 304.7378
416 304.7378
417 304.7378
418 304.7378
419 304.7378
420 304.7378
421 304.7378
422 304.7378
423 304.7378
424 304.7378
425 304.7378
426 304.7378
427 304.7378
428 304.7378
429 304.7378
430 304.7378
431 304.7378
432 304.7377
433 304.7377
434 304.7377
435 304.7377
436 304.7377
437 304.7377
438 304.7377
439 304.7377
440 304.7377
441 304.7377
442 304.7377
443 304.7377
444 304.7377
445 304.7377
446 304.7377
447 304.7377
448 304.7377
449 304.7377
450 304.7377
451 304.7377
452 304.7377
453 304.7377
454 304.7377
455 304.7377
456 304.7377
457 304.7377
458 304.7377
459 304.7377
460 304.7377
461 304.7377
462 304.7377
463 304.7377
464 304.7377
465 304.7377
466 304.7377
467 304.7377
468 304.7377
469 304.7377
470 304.7377
471 304.7377
472 304.7377
473 304.7377
474 304.7377
475 304.7377
476 304.7377
477 304.7377
478 304.7377
479 304.7377
480 304.7377
481 304.7377
482 304.7377
483 304.7377
484 304.7377
485 304.7377
486 304.7377
487 304.7377
488 304.7377
489 304.7377
490 304.7377
491 304.7377
492 304.7377
493 304.7377
494 304.7377
495 304.7377
496 304.7377
497 304.7377
498 304.7377
499 304.7377
500 304.7377
